<?xml version="1.0" encoding="UTF-8"?>
<testng-results ignored="0" total="1" passed="1" failed="0" skipped="0">
  <reporter-output>
  </reporter-output>
  <suite started-at="2025-04-14T14:10:05 IST" name="Surefire suite" finished-at="2025-04-14T14:10:06 IST" duration-ms="172">
    <groups>
    </groups>
    <test started-at="2025-04-14T14:10:05 IST" name="Surefire test" finished-at="2025-04-14T14:10:06 IST" duration-ms="172">
      <class name="com.selenium.AppTest">
        <test-method signature="testExample()[pri:0, instance:com.selenium.AppTest@7d68ef40]" started-at="2025-04-14T14:10:06 IST" name="testExample" finished-at="2025-04-14T14:10:06 IST" duration-ms="32" status="PASS">
          <reporter-output>
          </reporter-output>
        </test-method> <!-- testExample -->
      </class> <!-- com.selenium.AppTest -->
    </test> <!-- Surefire test -->
  </suite> <!-- Surefire suite -->
</testng-results>
